This is pdfTeX, Version 3.14159265-2.6-1.40.15 (TeX Live 2015/dev) (preloaded format=pdflatex 2014.11.1)  4 NOV 2014 14:35
entering extended mode
 restricted \write18 enabled.
 %&-line parsing enabled.
**linearscan.v.tex
(./linearscan.v.tex
LaTeX2e <2014/05/01>
Babel <3.9l> and hyphenation patterns for 79 languages loaded.
(./llncs.cls
Document Class: llncs 2013/09/27 v2.18 
 LaTeX document class for Lecture Notes in Computer Science

(/nix/store/gi7fhibbhzxxk6699jzfqlplbzakni2r-TeXLive-linkdir/texmf-dist/tex/lat
ex/base/article.cls
Document Class: article 2007/10/19 v1.4h Standard LaTeX document class

(/nix/store/gi7fhibbhzxxk6699jzfqlplbzakni2r-TeXLive-linkdir/texmf-dist/tex/lat
ex/base/size10.clo
File: size10.clo 2007/10/19 v1.4h Standard LaTeX file (size option)
)
\c@part=\count79
\c@section=\count80
\c@subsection=\count81
\c@subsubsection=\count82
\c@paragraph=\count83
\c@subparagraph=\count84
\c@figure=\count85
\c@table=\count86
\abovecaptionskip=\skip41
\belowcaptionskip=\skip42
\bibindent=\dimen102
)
(/nix/store/gi7fhibbhzxxk6699jzfqlplbzakni2r-TeXLive-linkdir/texmf-dist/tex/lat
ex/tools/multicol.sty
Package: multicol 2014/08/24 v1.8g multicolumn formatting (FMi)
\c@tracingmulticols=\count87
\mult@box=\box26
\multicol@leftmargin=\dimen103
\c@unbalance=\count88
\c@collectmore=\count89
\doublecol@number=\count90
\multicoltolerance=\count91
\multicolpretolerance=\count92
\full@width=\dimen104
\page@free=\dimen105
\premulticols=\dimen106
\postmulticols=\dimen107
\multicolsep=\skip43
\multicolbaselineskip=\skip44
\partial@page=\box27
\last@line=\box28
\maxbalancingoverflow=\dimen108
\mult@rightbox=\box29
\mult@grightbox=\box30
\mult@gfirstbox=\box31
\mult@firstbox=\box32
\@tempa=\box33
\@tempa=\box34
\@tempa=\box35
\@tempa=\box36
\@tempa=\box37
\@tempa=\box38
\@tempa=\box39
\@tempa=\box40
\@tempa=\box41
\@tempa=\box42
\@tempa=\box43
\@tempa=\box44
\@tempa=\box45
\@tempa=\box46
\@tempa=\box47
\@tempa=\box48
\@tempa=\box49
\c@columnbadness=\count93
\c@finalcolumnbadness=\count94
\last@try=\dimen109
\multicolovershoot=\dimen110
\multicolundershoot=\dimen111
\mult@nat@firstbox=\box50
\colbreak@box=\box51
\mc@col@check@num=\count95
) (./aliascnt.sty
Package: aliascnt 2009/09/08 v1.3 Alias counter (HO)
 (./remreset.sty))
\c@chapter=\count96
LaTeX Font Info:    Redeclaring math symbol \Gamma on input line 362.
LaTeX Font Info:    Redeclaring math symbol \Delta on input line 363.
LaTeX Font Info:    Redeclaring math symbol \Theta on input line 364.
LaTeX Font Info:    Redeclaring math symbol \Lambda on input line 365.
LaTeX Font Info:    Redeclaring math symbol \Xi on input line 366.
LaTeX Font Info:    Redeclaring math symbol \Pi on input line 367.
LaTeX Font Info:    Redeclaring math symbol \Sigma on input line 368.
LaTeX Font Info:    Redeclaring math symbol \Upsilon on input line 369.
LaTeX Font Info:    Redeclaring math symbol \Phi on input line 370.
LaTeX Font Info:    Redeclaring math symbol \Psi on input line 371.
LaTeX Font Info:    Redeclaring math symbol \Omega on input line 372.
\tocchpnum=\dimen112
\tocsecnum=\dimen113
\tocsectotal=\dimen114
\tocsubsecnum=\dimen115
\tocsubsectotal=\dimen116
\tocsubsubsecnum=\dimen117
\tocsubsubsectotal=\dimen118
\tocparanum=\dimen119
\tocparatotal=\dimen120
\tocsubparanum=\dimen121
\@tempcntc=\count97
\fnindent=\dimen122
\c@@inst=\count98
\c@@auth=\count99
\c@auco=\count100
\instindent=\dimen123
\authrun=\box52
\authorrunning=\toks14
\tocauthor=\toks15
\titrun=\box53
\titlerunning=\toks16
\toctitle=\toks17
\c@theorem=\count101
\c@case=\count102
\c@conjecture=\count103
\c@corollary=\count104
\c@definition=\count105
\c@example=\count106
\c@exercise=\count107
\c@lemma=\count108
\c@note=\count109
\c@problem=\count110
\c@property=\count111
\c@proposition=\count112
\c@question=\count113
\c@solution=\count114
\c@remark=\count115
\headlineindent=\dimen124
)
(/nix/store/gi7fhibbhzxxk6699jzfqlplbzakni2r-TeXLive-linkdir/texmf-dist/tex/lat
ex/base/makeidx.sty
Package: makeidx 2000/03/29 v1.0m Standard LaTeX package
)
(/nix/store/gi7fhibbhzxxk6699jzfqlplbzakni2r-TeXLive-linkdir/texmf-dist/tex/lat
ex/graphics/color.sty
Package: color 2014/04/23 v1.1a Standard LaTeX Color (DPC)

(/nix/store/gi7fhibbhzxxk6699jzfqlplbzakni2r-TeXLive-linkdir/texmf-dist/tex/lat
ex/latexconfig/color.cfg
File: color.cfg 2007/01/18 v1.5 color configuration of teTeX/TeXLive
)
Package color Info: Driver file: pdftex.def on input line 137.

(/nix/store/gi7fhibbhzxxk6699jzfqlplbzakni2r-TeXLive-linkdir/texmf-dist/tex/lat
ex/pdftex-def/pdftex.def
File: pdftex.def 2011/05/27 v0.06d Graphics/color for pdfTeX

(/nix/store/gi7fhibbhzxxk6699jzfqlplbzakni2r-TeXLive-linkdir/texmf-dist/tex/gen
eric/oberdiek/infwarerr.sty
Package: infwarerr 2010/04/08 v1.3 Providing info/warning/error messages (HO)
)
(/nix/store/gi7fhibbhzxxk6699jzfqlplbzakni2r-TeXLive-linkdir/texmf-dist/tex/gen
eric/oberdiek/ltxcmds.sty
Package: ltxcmds 2011/11/09 v1.22 LaTeX kernel commands for general use (HO)
)
\Gread@gobject=\count116
)
(/nix/store/gi7fhibbhzxxk6699jzfqlplbzakni2r-TeXLive-linkdir/texmf-dist/tex/lat
ex/graphics/dvipsnam.def
File: dvipsnam.def 2014/04/23 v3.0j Driver-dependant file (DPC,SPQR)
))
(/nix/store/gi7fhibbhzxxk6699jzfqlplbzakni2r-TeXLive-linkdir/texmf-dist/tex/lat
ex/hyperref/hyperref.sty
Package: hyperref 2012/11/06 v6.83m Hypertext links for LaTeX

(/nix/store/gi7fhibbhzxxk6699jzfqlplbzakni2r-TeXLive-linkdir/texmf-dist/tex/gen
eric/oberdiek/hobsub-hyperref.sty
Package: hobsub-hyperref 2012/05/28 v1.13 Bundle oberdiek, subset hyperref (HO)


(/nix/store/gi7fhibbhzxxk6699jzfqlplbzakni2r-TeXLive-linkdir/texmf-dist/tex/gen
eric/oberdiek/hobsub-generic.sty
Package: hobsub-generic 2012/05/28 v1.13 Bundle oberdiek, subset generic (HO)
Package: hobsub 2012/05/28 v1.13 Construct package bundles (HO)
Package hobsub Info: Skipping package `infwarerr' (already loaded).
Package hobsub Info: Skipping package `ltxcmds' (already loaded).
Package: ifluatex 2010/03/01 v1.3 Provides the ifluatex switch (HO)
Package ifluatex Info: LuaTeX not detected.
Package: ifvtex 2010/03/01 v1.5 Detect VTeX and its facilities (HO)
Package ifvtex Info: VTeX not detected.
Package: intcalc 2007/09/27 v1.1 Expandable calculations with integers (HO)
Package: ifpdf 2011/01/30 v2.3 Provides the ifpdf switch (HO)
Package ifpdf Info: pdfTeX in PDF mode is detected.
Package: etexcmds 2011/02/16 v1.5 Avoid name clashes with e-TeX commands (HO)
Package etexcmds Info: Could not find \expanded.
(etexcmds)             That can mean that you are not using pdfTeX 1.50 or
(etexcmds)             that some package has redefined \expanded.
(etexcmds)             In the latter case, load this package earlier.
Package: kvsetkeys 2012/04/25 v1.16 Key value parser (HO)
Package: kvdefinekeys 2011/04/07 v1.3 Define keys (HO)
Package: pdftexcmds 2011/11/29 v0.20 Utility functions of pdfTeX for LuaTeX (HO
)
Package pdftexcmds Info: LuaTeX not detected.
Package pdftexcmds Info: \pdf@primitive is available.
Package pdftexcmds Info: \pdf@ifprimitive is available.
Package pdftexcmds Info: \pdfdraftmode found.
Package: pdfescape 2011/11/25 v1.13 Implements pdfTeX's escape features (HO)
Package: bigintcalc 2012/04/08 v1.3 Expandable calculations on big integers (HO
)
Package: bitset 2011/01/30 v1.1 Handle bit-vector datatype (HO)
Package: uniquecounter 2011/01/30 v1.2 Provide unlimited unique counter (HO)
)
Package hobsub Info: Skipping package `hobsub' (already loaded).
Package: letltxmacro 2010/09/02 v1.4 Let assignment for LaTeX macros (HO)
Package: hopatch 2012/05/28 v1.2 Wrapper for package hooks (HO)
Package: xcolor-patch 2011/01/30 xcolor patch
Package: atveryend 2011/06/30 v1.8 Hooks at the very end of document (HO)
Package atveryend Info: \enddocument detected (standard20110627).
Package: atbegshi 2011/10/05 v1.16 At begin shipout hook (HO)
Package: refcount 2011/10/16 v3.4 Data extraction from label references (HO)
Package: hycolor 2011/01/30 v1.7 Color options for hyperref/bookmark (HO)
)
(/nix/store/gi7fhibbhzxxk6699jzfqlplbzakni2r-TeXLive-linkdir/texmf-dist/tex/lat
ex/graphics/keyval.sty
Package: keyval 2014/05/08 v1.15 key=value parser (DPC)
\KV@toks@=\toks18
)
(/nix/store/gi7fhibbhzxxk6699jzfqlplbzakni2r-TeXLive-linkdir/texmf-dist/tex/gen
eric/ifxetex/ifxetex.sty
Package: ifxetex 2010/09/12 v0.6 Provides ifxetex conditional
)
(/nix/store/gi7fhibbhzxxk6699jzfqlplbzakni2r-TeXLive-linkdir/texmf-dist/tex/lat
ex/oberdiek/auxhook.sty
Package: auxhook 2011/03/04 v1.3 Hooks for auxiliary files (HO)
)
(/nix/store/gi7fhibbhzxxk6699jzfqlplbzakni2r-TeXLive-linkdir/texmf-dist/tex/lat
ex/oberdiek/kvoptions.sty
Package: kvoptions 2011/06/30 v3.11 Key value format for package options (HO)
)
\@linkdim=\dimen125
\Hy@linkcounter=\count117
\Hy@pagecounter=\count118

(/nix/store/gi7fhibbhzxxk6699jzfqlplbzakni2r-TeXLive-linkdir/texmf-dist/tex/lat
ex/hyperref/pd1enc.def
File: pd1enc.def 2012/11/06 v6.83m Hyperref: PDFDocEncoding definition (HO)
)
\Hy@SavedSpaceFactor=\count119

(/nix/store/gi7fhibbhzxxk6699jzfqlplbzakni2r-TeXLive-linkdir/texmf-dist/tex/lat
ex/latexconfig/hyperref.cfg
File: hyperref.cfg 2002/06/06 v1.2 hyperref configuration of TeXLive
)
Package hyperref Info: Hyper figures OFF on input line 4443.
Package hyperref Info: Link nesting OFF on input line 4448.
Package hyperref Info: Hyper index ON on input line 4451.
Package hyperref Info: Plain pages OFF on input line 4458.
Package hyperref Info: Backreferencing OFF on input line 4463.
Package hyperref Info: Implicit mode ON; LaTeX internals redefined.
Package hyperref Info: Bookmarks ON on input line 4688.
\c@Hy@tempcnt=\count120

(/nix/store/gi7fhibbhzxxk6699jzfqlplbzakni2r-TeXLive-linkdir/texmf-dist/tex/lat
ex/url/url.sty
\Urlmuskip=\muskip10
Package: url 2013/09/16  ver 3.4  Verb mode for urls, etc.
)
LaTeX Info: Redefining \url on input line 5041.
\XeTeXLinkMargin=\dimen126
\Fld@menulength=\count121
\Field@Width=\dimen127
\Fld@charsize=\dimen128
Package hyperref Info: Hyper figures OFF on input line 6295.
Package hyperref Info: Link nesting OFF on input line 6300.
Package hyperref Info: Hyper index ON on input line 6303.
Package hyperref Info: backreferencing OFF on input line 6310.
Package hyperref Info: Link coloring OFF on input line 6315.
Package hyperref Info: Link coloring with OCG OFF on input line 6320.
Package hyperref Info: PDF/A mode OFF on input line 6325.
LaTeX Info: Redefining \ref on input line 6365.
LaTeX Info: Redefining \pageref on input line 6369.
\Hy@abspage=\count122
\c@Item=\count123
\c@Hfootnote=\count124
)

Package hyperref Message: Driver (autodetected): hpdftex.


(/nix/store/gi7fhibbhzxxk6699jzfqlplbzakni2r-TeXLive-linkdir/texmf-dist/tex/lat
ex/hyperref/hpdftex.def
File: hpdftex.def 2012/11/06 v6.83m Hyperref driver for pdfTeX
\Fld@listcount=\count125
\c@bookmark@seq@number=\count126

(/nix/store/gi7fhibbhzxxk6699jzfqlplbzakni2r-TeXLive-linkdir/texmf-dist/tex/lat
ex/oberdiek/rerunfilecheck.sty
Package: rerunfilecheck 2011/04/15 v1.7 Rerun checks for auxiliary files (HO)
Package uniquecounter Info: New unique counter `rerunfilecheck' on input line 2
82.
)
\Hy@SectionHShift=\skip45
) (./linearscan.v.aux)
\openout1 = `linearscan.v.aux'.

LaTeX Font Info:    Checking defaults for OML/cmm/m/it on input line 36.
LaTeX Font Info:    ... okay on input line 36.
LaTeX Font Info:    Checking defaults for T1/cmr/m/n on input line 36.
LaTeX Font Info:    ... okay on input line 36.
LaTeX Font Info:    Checking defaults for OT1/cmr/m/n on input line 36.
LaTeX Font Info:    ... okay on input line 36.
LaTeX Font Info:    Checking defaults for OMS/cmsy/m/n on input line 36.
LaTeX Font Info:    ... okay on input line 36.
LaTeX Font Info:    Checking defaults for OMX/cmex/m/n on input line 36.
LaTeX Font Info:    ... okay on input line 36.
LaTeX Font Info:    Checking defaults for U/cmr/m/n on input line 36.
LaTeX Font Info:    ... okay on input line 36.
LaTeX Font Info:    Checking defaults for PD1/pdf/m/n on input line 36.
LaTeX Font Info:    ... okay on input line 36.

(/nix/store/gi7fhibbhzxxk6699jzfqlplbzakni2r-TeXLive-linkdir/texmf-dist/tex/con
text/base/supp-pdf.mkii
[Loading MPS to PDF converter (version 2006.09.02).]
\scratchcounter=\count127
\scratchdimen=\dimen129
\scratchbox=\box54
\nofMPsegments=\count128
\nofMParguments=\count129
\everyMPshowfont=\toks19
\MPscratchCnt=\count130
\MPscratchDim=\dimen130
\MPnumerator=\count131
\makeMPintoPDFobject=\count132
\everyMPtoPDFconversion=\toks20
)
\AtBeginShipoutBox=\box55
Package hyperref Info: Link coloring OFF on input line 36.

(/nix/store/gi7fhibbhzxxk6699jzfqlplbzakni2r-TeXLive-linkdir/texmf-dist/tex/lat
ex/hyperref/nameref.sty
Package: nameref 2012/10/27 v2.43 Cross-referencing by name of section

(/nix/store/gi7fhibbhzxxk6699jzfqlplbzakni2r-TeXLive-linkdir/texmf-dist/tex/gen
eric/oberdiek/gettitlestring.sty
Package: gettitlestring 2010/12/03 v1.4 Cleanup title references (HO)
)
\c@section@level=\count133
)
LaTeX Info: Redefining \ref on input line 36.
LaTeX Info: Redefining \pageref on input line 36.
LaTeX Info: Redefining \nameref on input line 36.
 (./linearscan.v.out) (./linearscan.v.out)
\@outlinefile=\write3
\openout3 = `linearscan.v.out'.

LaTeX Font Info:    External font `cmex10' loaded for size
(Font)              <7> on input line 52.
LaTeX Font Info:    External font `cmex10' loaded for size
(Font)              <5> on input line 52.


LaTeX Warning: Citation `Wimmer:2005' on page 1 undefined on input line 74.

LaTeX Font Info:    External font `cmex10' loaded for size
(Font)              <9> on input line 78.
LaTeX Font Info:    External font `cmex10' loaded for size
(Font)              <6> on input line 78.

LaTeX Warning: Citation `coq_manual' on page 1 undefined on input line 79.


LaTeX Warning: Reference `sec:alg' on page 1 undefined on input line 89.

[1



{/nix/store/gi7fhibbhzxxk6699jzfqlplbzakni2r-TeXLive-linkdir/texmf-config/fonts
/map/pdftex/updmap/pdftex.map}]
Overfull \hbox (17.9038pt too wide) in paragraph at lines 131--136
\OT1/cmr/m/n/10 The fol-low-ing func-tion def-i-ni-tion il-lus-trates the above
 is-sues. \OT1/cmtt/m/n/10 checkActiveIntervals
 []


Overfull \hbox (37.32042pt too wide) in paragraph at lines 169--172
[]\OT1/cmr/m/n/10 Now con-sider the fol-low-ing two Lem-mas, which claim that (
1) \OT1/cmtt/m/n/10 checkActiveIntervals
 []

[2]
LaTeX Font Info:    Try loading font information for OMS+cmtt on input line 255
.
LaTeX Font Info:    No file OMScmtt.fd. on input line 255.


LaTeX Font Warning: Font shape `OMS/cmtt/m/n' undefined
(Font)              using `OMS/cmsy/m/n' instead
(Font)              for symbol `textbraceleft' on input line 255.

[3] [4]
Overfull \hbox (25.62321pt too wide) in paragraph at lines 388--388
[]    \OT1/cmtt/m/n/10 inactive  : list IntervalId;           (* falls in lifet
ime hole *)[] 
 []

[5]
Overfull \hbox (12.04247pt too wide) in paragraph at lines 410--413
[]\OT1/cmr/m/n/10 Now, if we want to prove a the-o-rem about a \OT1/cmtt/m/n/10
 ScanState\OT1/cmr/m/n/10 -qualified \OT1/cmtt/m/n/10 ScanStateDesc
 []


Overfull \hbox (1.46036pt too wide) in paragraph at lines 466--473
\OT1/cmr/m/n/10 duc-tive'' (i.e., a de-crease in the ini-tial value, the re-qui
re-ment of well-foundedness),
 []

[6]
No file linearscan.v.bbl.
Package atveryend Info: Empty hook `BeforeClearDocument' on input line 546.
[7]
Package atveryend Info: Empty hook `AfterLastShipout' on input line 546.
 (./linearscan.v.aux)
Package atveryend Info: Executing hook `AtVeryEndDocument' on input line 546.
Package atveryend Info: Executing hook `AtEndAfterFileList' on input line 546.
Package rerunfilecheck Info: File `linearscan.v.out' has not changed.
(rerunfilecheck)             Checksum: 66550B5BFECFC1C23822277BD400DB4B;106.


LaTeX Font Warning: Some font shapes were not available, defaults substituted.


LaTeX Warning: There were undefined references.

Package atveryend Info: Empty hook `AtVeryVeryEnd' on input line 546.
 ) 
Here is how much of TeX's memory you used:
 5505 strings out of 493107
 82970 string characters out of 6116833
 177565 words of memory out of 5000000
 8919 multiletter control sequences out of 15000+600000
 8275 words of font info for 30 fonts, out of 8000000 for 9000
 1141 hyphenation exceptions out of 8191
 29i,9n,21p,215b,424s stack positions out of 5000i,500n,10000p,200000b,80000s
</nix/store/gi7fhibbhzxxk6699jzfqlplbzakni2r-TeXLive-linkdir/texmf-dist/fonts
/type1/public/amsfonts/cm/cmbx10.pfb></nix/store/gi7fhibbhzxxk6699jzfqlplbzakni
2r-TeXLive-linkdir/texmf-dist/fonts/type1/public/amsfonts/cm/cmbx12.pfb></nix/s
tore/gi7fhibbhzxxk6699jzfqlplbzakni2r-TeXLive-linkdir/texmf-dist/fonts/type1/pu
blic/amsfonts/cm/cmbx9.pfb></nix/store/gi7fhibbhzxxk6699jzfqlplbzakni2r-TeXLive
-linkdir/texmf-dist/fonts/type1/public/amsfonts/cm/cmmi10.pfb></nix/store/gi7fh
ibbhzxxk6699jzfqlplbzakni2r-TeXLive-linkdir/texmf-dist/fonts/type1/public/amsfo
nts/cm/cmr10.pfb></nix/store/gi7fhibbhzxxk6699jzfqlplbzakni2r-TeXLive-linkdir/t
exmf-dist/fonts/type1/public/amsfonts/cm/cmr6.pfb></nix/store/gi7fhibbhzxxk6699
jzfqlplbzakni2r-TeXLive-linkdir/texmf-dist/fonts/type1/public/amsfonts/cm/cmr7.
pfb></nix/store/gi7fhibbhzxxk6699jzfqlplbzakni2r-TeXLive-linkdir/texmf-dist/fon
ts/type1/public/amsfonts/cm/cmr9.pfb></nix/store/gi7fhibbhzxxk6699jzfqlplbzakni
2r-TeXLive-linkdir/texmf-dist/fonts/type1/public/amsfonts/cm/cmss10.pfb></nix/s
tore/gi7fhibbhzxxk6699jzfqlplbzakni2r-TeXLive-linkdir/texmf-dist/fonts/type1/pu
blic/amsfonts/cm/cmsy10.pfb></nix/store/gi7fhibbhzxxk6699jzfqlplbzakni2r-TeXLiv
e-linkdir/texmf-dist/fonts/type1/public/amsfonts/cm/cmti10.pfb></nix/store/gi7f
hibbhzxxk6699jzfqlplbzakni2r-TeXLive-linkdir/texmf-dist/fonts/type1/public/amsf
onts/cm/cmtt10.pfb></nix/store/gi7fhibbhzxxk6699jzfqlplbzakni2r-TeXLive-linkdir
/texmf-dist/fonts/type1/public/amsfonts/cm/cmtt9.pfb>
Output written on linearscan.v.pdf (7 pages, 178248 bytes).
PDF statistics:
 123 PDF objects out of 1000 (max. 8388607)
 100 compressed objects within 1 object stream
 28 named destinations out of 1000 (max. 500000)
 9 words of extra memory for PDF output out of 10000 (max. 10000000)

